2021-03-22  0:59:39 0 [Warning] 'default-authentication-plugin' is MySQL 5.6 / 5.7 compatible option. To be implemented in later versions.
2021-03-22  0:59:45 0 [Note] InnoDB: Uses event mutexes
2021-03-22  0:59:45 0 [Note] InnoDB: Compressed tables use zlib 1.2.11
2021-03-22  0:59:45 0 [Note] InnoDB: Number of pools: 1
2021-03-22  0:59:45 0 [Note] InnoDB: Using crc32 + pclmulqdq instructions
2021-03-22  0:59:45 0 [Note] mysqld: O_TMPFILE is not supported on /tmp (disabling future attempts)
2021-03-22  0:59:45 0 [Note] InnoDB: Using Linux native AIO
2021-03-22  0:59:45 0 [Note] InnoDB: Initializing buffer pool, total size = 134217728, chunk size = 134217728
2021-03-22  0:59:45 0 [Note] InnoDB: Completed initialization of buffer pool
2021-03-22  0:59:45 0 [Note] InnoDB: If the mysqld execution user is authorized, page cleaner thread priority can be changed. See the man page of setpriority().
2021-03-22  0:59:46 0 [Note] InnoDB: 128 rollback segments are active.
2021-03-22  0:59:46 0 [Note] InnoDB: Creating shared tablespace for temporary tables
2021-03-22  0:59:46 0 [Note] InnoDB: Setting file './ibtmp1' size to 12 MB. Physically writing the file full; Please wait ...
2021-03-22  0:59:46 0 [Note] InnoDB: File './ibtmp1' size is now 12 MB.
2021-03-22  0:59:46 0 [Note] InnoDB: 10.5.9 started; log sequence number 45118; transaction id 20
2021-03-22  0:59:46 0 [Note] Plugin 'FEEDBACK' is disabled.
2021-03-22  0:59:46 0 [Note] InnoDB: Loading buffer pool(s) from /var/lib/mysql/ib_buffer_pool
2021-03-22  0:59:46 0 [Warning] 'default-authentication-plugin' is MySQL 5.6 / 5.7 compatible option. To be implemented in later versions.
2021-03-22  0:59:46 0 [Note] InnoDB: Buffer pool(s) load completed at 210322  0:59:46
2021-03-22  0:59:46 0 [Warning] 'user' entry 'root@09e0910ca1b3' ignored in --skip-name-resolve mode.
2021-03-22  0:59:46 0 [Warning] 'proxies_priv' entry '@% root@09e0910ca1b3' ignored in --skip-name-resolve mode.
2021-03-22  0:59:46 0 [Note] Reading of all Master_info entries succeeded
2021-03-22  0:59:46 0 [Note] Added new Master_info '' to hash table
2021-03-22  0:59:46 0 [Note] mysqld: ready for connections.
Version: '10.5.9-MariaDB-1:10.5.9+maria~focal-log'  socket: '/run/mysqld/mysqld.sock'  port: 0  mariadb.org binary distribution
2021-03-22  1:01:15 0 [Note] mysqld: Aria engine: starting recovery
recovered pages: 0% 31% 65% 100% (0.0 seconds); 
2021-03-22  1:01:15 0 [Note] mysqld: Aria engine: recovery done
2021-03-22  1:01:15 0 [Note] InnoDB: Uses event mutexes
2021-03-22  1:01:15 0 [Note] InnoDB: Compressed tables use zlib 1.2.11
2021-03-22  1:01:15 0 [Note] InnoDB: Number of pools: 1
2021-03-22  1:01:15 0 [Note] InnoDB: Using crc32 + pclmulqdq instructions
2021-03-22  1:01:15 0 [Note] mysqld: O_TMPFILE is not supported on /tmp (disabling future attempts)
2021-03-22  1:01:15 0 [Note] InnoDB: Using Linux native AIO
2021-03-22  1:01:15 0 [Note] InnoDB: Initializing buffer pool, total size = 134217728, chunk size = 134217728
2021-03-22  1:01:15 0 [Note] InnoDB: Completed initialization of buffer pool
2021-03-22  1:01:15 0 [Note] InnoDB: If the mysqld execution user is authorized, page cleaner thread priority can be changed. See the man page of setpriority().
2021-03-22  1:01:15 0 [Note] InnoDB: Starting crash recovery from checkpoint LSN=45118,45118
2021-03-22  1:01:15 0 [Note] InnoDB: 128 rollback segments are active.
2021-03-22  1:01:15 0 [Note] InnoDB: Removed temporary tablespace data file: "ibtmp1"
2021-03-22  1:01:15 0 [Note] InnoDB: Creating shared tablespace for temporary tables
2021-03-22  1:01:16 0 [Note] InnoDB: Setting file './ibtmp1' size to 12 MB. Physically writing the file full; Please wait ...
2021-03-22  1:01:16 0 [Note] InnoDB: File './ibtmp1' size is now 12 MB.
2021-03-22  1:01:16 0 [Note] InnoDB: 10.5.9 started; log sequence number 45130; transaction id 20
2021-03-22  1:01:16 0 [Note] InnoDB: Loading buffer pool(s) from /var/lib/mysql/ib_buffer_pool
2021-03-22  1:01:16 0 [Note] Plugin 'FEEDBACK' is disabled.
2021-03-22  1:01:16 0 [Warning] 'default-authentication-plugin' is MySQL 5.6 / 5.7 compatible option. To be implemented in later versions.
2021-03-22  1:01:16 0 [Note] InnoDB: Buffer pool(s) load completed at 210322  1:01:16
2021-03-22  1:01:16 0 [Note] Server socket created on IP: '::'.
2021-03-22  1:01:16 0 [Warning] 'user' entry 'root@09e0910ca1b3' ignored in --skip-name-resolve mode.
2021-03-22  1:01:16 0 [Warning] 'proxies_priv' entry '@% root@09e0910ca1b3' ignored in --skip-name-resolve mode.
2021-03-22  1:01:16 0 [Note] Reading of all Master_info entries succeeded
2021-03-22  1:01:16 0 [Note] Added new Master_info '' to hash table
2021-03-22  1:01:16 0 [Note] mysqld: ready for connections.
Version: '10.5.9-MariaDB-1:10.5.9+maria~focal-log'  socket: '/run/mysqld/mysqld.sock'  port: 3306  mariadb.org binary distribution
